[02:23:46] [ServerMain/INFO]: [bootstrap] Running Java 21 (OpenJDK 64-Bit Server VM 21.0.6+7-LTS; Eclipse Adoptium Temurin-21.0.6+7) on Windows 11 10.0 (amd64)
[02:23:46] [ServerMain/INFO]: [bootstrap] Loading Paper 1.21.4-214-main@894631f (2025-03-21T17:21:46Z) for Minecraft 1.21.4
[02:23:47] [ServerMain/INFO]: [PluginInitializerManager] Initializing plugins...
[02:23:47] [ServerMain/INFO]: [PluginInitializerManager] Initialized 2 plugins
[02:23:47] [ServerMain/INFO]: [PluginInitializerManager] Bukkit plugins (2):
 - WorldEdit (7.3.10+7004-768a436), WorldGuard (7.0.13+82fdc65)
[02:23:51] [ServerMain/INFO]: Environment: Environment[sessionHost=https://sessionserver.mojang.com, servicesHost=https://api.minecraftservices.com, name=PROD]
[02:23:51] [ServerMain/INFO]: Found new data pack file/bukkit, loading it automatically
[02:23:51] [ServerMain/INFO]: Found new data pack paper, loading it automatically
[02:23:52] [ServerMain/INFO]: No existing world data, creating new world
[02:23:53] [ServerMain/INFO]: Loaded 1370 recipes
[02:23:53] [ServerMain/INFO]: Loaded 1481 advancements
[02:23:53] [ServerMain/INFO]: [MCTypeRegistry] Initialising converters for DataConverter...
[02:23:53] [ServerMain/INFO]: [MCTypeRegistry] Finished initialising converters for DataConverter in 236.4ms
[02:23:53] [Server thread/INFO]: Starting minecraft server version 1.21.4
[02:23:53] [Server thread/INFO]: Loading properties
[02:23:54] [Server thread/INFO]: This server is running Paper version 1.21.4-214-main@894631f (2025-03-21T17:21:46Z) (Implementing API version 1.21.4-R0.1-SNAPSHOT)
[02:23:54] [Server thread/INFO]: [spark] This server bundles the spark profiler. For more information please visit https://docs.papermc.io/paper/profiling
[02:23:54] [Server thread/INFO]: Server Ping Player Sample Count: 12
[02:23:54] [Server thread/INFO]: Using 4 threads for Netty based IO
[02:23:54] [Server thread/INFO]: [MoonriseCommon] Paper is using 3 worker threads, 1 I/O threads
[02:23:54] [Server thread/INFO]: [ChunkTaskScheduler] Chunk system is using population gen parallelism: true
[02:23:55] [Server thread/INFO]: Default game type: SURVIVAL
[02:23:55] [Server thread/INFO]: Generating keypair
[02:23:55] [Server thread/INFO]: Starting Minecraft server on *:25565
[02:23:55] [Server thread/INFO]: Using default channel type
[02:23:55] [Server thread/INFO]: Paper: Using Java compression from Velocity.
[02:23:55] [Server thread/INFO]: Paper: Using Java cipher from Velocity.
[02:23:55] [Server thread/INFO]: [WorldEdit] Loading server plugin WorldEdit v7.3.10+7004-768a436
[02:23:56] [Server thread/INFO]: Got request to register class com.sk89q.worldedit.bukkit.BukkitServerInterface with WorldEdit [com.sk89q.worldedit.extension.platform.PlatformManager@65578681]
[02:23:56] [Server thread/INFO]: [WorldGuard] Loading server plugin WorldGuard v7.0.13+82fdc65
[02:23:56] [Server thread/INFO]: Server permissions file permissions.yml is empty, ignoring it
[02:23:56] [Server thread/INFO]: [WorldEdit] Enabling WorldEdit v7.3.10+7004-768a436
[02:23:56] [Server thread/INFO]: Registering commands with com.sk89q.worldedit.bukkit.BukkitServerInterface
[02:23:56] [Server thread/INFO]: WEPIF: Using the Bukkit Permissions API.
[02:23:56] [Server thread/INFO]: Using com.sk89q.worldedit.bukkit.adapter.impl.v1_21_4.PaperweightAdapter as the Bukkit adapter
[02:23:57] [Server thread/INFO]: Preparing level "world"
[02:24:02] [Server thread/INFO]: Preparing start region for dimension minecraft:overworld
[02:24:02] [Server thread/INFO]: Preparing spawn area: 0%
[02:24:03] [Server thread/INFO]: Preparing spawn area: 2%
[02:24:03] [Server thread/INFO]: Preparing spawn area: 2%
[02:24:04] [Server thread/INFO]: Preparing spawn area: 18%
[02:24:04] [Server thread/INFO]: Preparing spawn area: 40%
[02:24:05] [Server thread/INFO]: Preparing spawn area: 40%
[02:24:05] [Server thread/INFO]: Time elapsed: 2765 ms
[02:24:05] [Server thread/INFO]: Preparing start region for dimension minecraft:the_nether
[02:24:05] [Server thread/INFO]: Preparing spawn area: 2%
[02:24:06] [Server thread/INFO]: Preparing spawn area: 57%
[02:24:06] [Server thread/INFO]: Time elapsed: 653 ms
[02:24:06] [Server thread/INFO]: Preparing start region for dimension minecraft:the_end
[02:24:06] [Server thread/INFO]: Preparing spawn area: 2%
[02:24:06] [Server thread/INFO]: Time elapsed: 186 ms
[02:24:06] [Server thread/INFO]: [WorldGuard] Enabling WorldGuard v7.0.13+82fdc65
[02:24:06] [Server thread/INFO]: [WorldGuard] (world) TNT ignition is PERMITTED.
[02:24:06] [Server thread/INFO]: [WorldGuard] (world) Lighters are PERMITTED.
[02:24:06] [Server thread/INFO]: [WorldGuard] (world) Lava fire is PERMITTED.
[02:24:06] [Server thread/INFO]: [WorldGuard] (world) Fire spread is UNRESTRICTED.
[02:24:06] [Server thread/INFO]: [WorldGuard] Loaded configuration for world 'world'
[02:24:06] [Server thread/INFO]: [WorldGuard] (world_nether) TNT ignition is PERMITTED.
[02:24:06] [Server thread/INFO]: [WorldGuard] (world_nether) Lighters are PERMITTED.
[02:24:06] [Server thread/INFO]: [WorldGuard] (world_nether) Lava fire is PERMITTED.
[02:24:06] [Server thread/INFO]: [WorldGuard] (world_nether) Fire spread is UNRESTRICTED.
[02:24:06] [Server thread/INFO]: [WorldGuard] Loaded configuration for world 'world_nether'
[02:24:06] [Server thread/INFO]: [WorldGuard] (world_the_end) TNT ignition is PERMITTED.
[02:24:06] [Server thread/INFO]: [WorldGuard] (world_the_end) Lighters are PERMITTED.
[02:24:06] [Server thread/INFO]: [WorldGuard] (world_the_end) Lava fire is PERMITTED.
[02:24:06] [Server thread/INFO]: [WorldGuard] (world_the_end) Fire spread is UNRESTRICTED.
[02:24:06] [Server thread/INFO]: [WorldGuard] Loaded configuration for world 'world_the_end'
[02:24:06] [Server thread/INFO]: [WorldGuard] Loading region data...
[02:24:07] [Server thread/INFO]: [spark] Starting background profiler...
[02:24:07] [Server thread/INFO]: [spark] The async-profiler engine is not supported for your os/arch (windows11/amd64), so the built-in Java engine will be used instead.
[02:24:07] [Server thread/INFO]: Done preparing level "world" (9.434s)
[02:24:07] [Server thread/INFO]: Running delayed init tasks
[02:24:07] [Server thread/INFO]: Done (21.218s)! For help, type "help"
[02:24:17] [User Authenticator #0/INFO]: UUID of player DuangdeeUniverse is 4a6a081d-5dcf-4e4d-97bd-7fafa3b1ba18
[02:24:17] [Server thread/INFO]: DuangdeeUniverse joined the game
[02:24:17] [Server thread/INFO]: DuangdeeUniverse[/127.0.0.1:58763] logged in with entity id 35 at ([world]-239.5, 77.0, 623.5)
[02:24:31] [Server thread/INFO]: Made DuangdeeUniverse a server operator
[02:24:36] [Server thread/INFO]: DuangdeeUniverse issued server command: /gamemode creative
[02:24:36] [Server thread/INFO]: [DuangdeeUniverse: Set own game mode to Creative Mode]
[02:24:57] [Server thread/INFO]: DuangdeeUniverse issued server command: /gamemode survival
[02:24:57] [Server thread/INFO]: [DuangdeeUniverse: Set own game mode to Survival Mode]
[02:25:45] [Server thread/INFO]: DuangdeeUniverse issued server command: /gamemode creative
[02:25:45] [Server thread/INFO]: [DuangdeeUniverse: Set own game mode to Creative Mode]
[02:27:38] [Async Chat Thread - #2/INFO]: <DuangdeeUniverse> ฝsetworldspawn
[02:27:39] [Server thread/INFO]: DuangdeeUniverse issued server command: /setworldspawn
[02:27:39] [Server thread/INFO]: [DuangdeeUniverse: Set the world spawn point to -246, 67, 618 [0.0]]
[02:27:55] [Server thread/INFO]: DuangdeeUniverse issued server command: /setworldspawn
[02:27:55] [Server thread/INFO]: [DuangdeeUniverse: Set the world spawn point to -272, 98, 603 [0.0]]
[02:28:01] [Server thread/INFO]: DuangdeeUniverse issued server command: /gamemode survival
[02:28:01] [Server thread/INFO]: [DuangdeeUniverse: Set own game mode to Survival Mode]
[02:28:08] [Server thread/INFO]: DuangdeeUniverse was blown up by Creeper
[02:28:28] [Server thread/INFO]: DuangdeeUniverse issued server command: /tps DuangdeeUniverse
[02:29:08] [Server thread/INFO]: DuangdeeUniverse issued server command: /setworldspawn 100 64 -100
[02:29:08] [Server thread/INFO]: [DuangdeeUniverse: Set the world spawn point to 100, 64, -100 [0.0]]
[02:29:17] [Server thread/INFO]: DuangdeeUniverse issued server command: /kill @a
[02:29:17] [Server thread/INFO]: DuangdeeUniverse was killed
[02:29:17] [Server thread/INFO]: [DuangdeeUniverse: Killed DuangdeeUniverse]
[02:29:31] [Server thread/INFO]: DuangdeeUniverse issued server command: /setworldspawn 100 164 -100
[02:29:31] [Server thread/INFO]: [DuangdeeUniverse: Set the world spawn point to 100, 164, -100 [0.0]]
[02:29:33] [Server thread/INFO]: DuangdeeUniverse issued server command: /kill @a
[02:29:33] [Server thread/INFO]: DuangdeeUniverse was killed
[02:29:33] [Server thread/INFO]: [DuangdeeUniverse: Killed DuangdeeUniverse]
[02:29:43] [Server thread/INFO]: DuangdeeUniverse issued server command: /setworldspawn 100 1 -100
[02:29:43] [Server thread/INFO]: [DuangdeeUniverse: Set the world spawn point to 100, 1, -100 [0.0]]
[02:29:51] [Server thread/INFO]: DuangdeeUniverse issued server command: /setworldspawn 100 1 -100
[02:29:51] [Server thread/INFO]: [DuangdeeUniverse: Set the world spawn point to 100, 1, -100 [0.0]]
[02:29:56] [Server thread/INFO]: DuangdeeUniverse issued server command: /kill @a
[02:29:56] [Server thread/INFO]: DuangdeeUniverse was killed
[02:29:56] [Server thread/INFO]: [DuangdeeUniverse: Killed DuangdeeUniverse]
[02:30:11] [Server thread/INFO]: DuangdeeUniverse issued server command: //setworldspawn 100 64 -100
[02:30:16] [Server thread/INFO]: DuangdeeUniverse issued server command: /setworldspawn 100 64 1
[02:30:16] [Server thread/INFO]: [DuangdeeUniverse: Set the world spawn point to 100, 64, 1 [0.0]]
[02:30:18] [Server thread/INFO]: DuangdeeUniverse issued server command: //setworldspawn 100 64 -100
[02:30:21] [Server thread/INFO]: DuangdeeUniverse issued server command: /kill @a
[02:30:21] [Server thread/INFO]: DuangdeeUniverse was killed
[02:30:21] [Server thread/INFO]: [DuangdeeUniverse: Killed DuangdeeUniverse]
[02:30:33] [Server thread/INFO]: DuangdeeUniverse issued server command: /gamemode creative
[02:30:33] [Server thread/INFO]: [DuangdeeUniverse: Set own game mode to Creative Mode]
[02:31:00] [Server thread/INFO]: DuangdeeUniverse issued server command: /tp @a 100 64 200
[02:31:00] [Server thread/INFO]: [DuangdeeUniverse: Teleported DuangdeeUniverse to 100.500000, 64.000000, 200.500000]
[02:31:09] [Server thread/INFO]: DuangdeeUniverse issued server command: /tp @a 100 64 400
[02:31:09] [Server thread/INFO]: [DuangdeeUniverse: Teleported DuangdeeUniverse to 100.500000, 64.000000, 400.500000]
[02:31:21] [Server thread/INFO]: DuangdeeUniverse issued server command: /tp @a 1 64 1
[02:31:21] [Server thread/INFO]: [DuangdeeUniverse: Teleported DuangdeeUniverse to 1.500000, 64.000000, 1.500000]
[02:31:39] [Server thread/INFO]: DuangdeeUniverse issued server command: /tp @a -300 64 1
[02:31:39] [Server thread/INFO]: [DuangdeeUniverse: Teleported DuangdeeUniverse to -299.500000, 64.000000, 1.500000]
[02:31:58] [Server thread/INFO]: DuangdeeUniverse issued server command: /tp @a -300 64 200
[02:31:58] [Server thread/INFO]: [DuangdeeUniverse: Teleported DuangdeeUniverse to -299.500000, 64.000000, 200.500000]
[02:32:06] [Server thread/INFO]: DuangdeeUniverse issued server command: /tp @a -300 64 1000
[02:32:06] [Server thread/INFO]: [DuangdeeUniverse: Teleported DuangdeeUniverse to -299.500000, 64.000000, 1000.500000]
[02:33:57] [Server thread/INFO]: DuangdeeUniverse issued server command: /setworldspawn -665 67 1185
[02:33:57] [Server thread/INFO]: [DuangdeeUniverse: Set the world spawn point to -665, 67, 1185 [0.0]]
[02:34:12] [Server thread/INFO]: DuangdeeUniverse issued server command: /kill @a
[02:34:12] [Server thread/INFO]: DuangdeeUniverse was killed
[02:34:12] [Server thread/INFO]: [DuangdeeUniverse: Killed DuangdeeUniverse]
[02:34:25] [Server thread/INFO]: DuangdeeUniverse lost connection: Disconnected
[02:34:25] [Server thread/INFO]: DuangdeeUniverse left the game
